d:\pue_attack_workspace\src\simulation\cognitiveradio\x64\debug\vc142.pdb
d:\pue_attack_workspace\src\simulation\cognitiveradio\x64\debug\vc142.idb
d:\pue_attack_workspace\src\simulation\cognitiveradio\x64\debug\usmap.obj
d:\pue_attack_workspace\src\simulation\cognitiveradio\x64\debug\usframe.obj
d:\pue_attack_workspace\src\simulation\cognitiveradio\x64\debug\ucd.obj
d:\pue_attack_workspace\src\simulation\cognitiveradio\x64\debug\spectrummanager.obj
d:\pue_attack_workspace\src\simulation\cognitiveradio\x64\debug\sch.obj
d:\pue_attack_workspace\src\simulation\cognitiveradio\x64\debug\propagationmodel.obj
d:\pue_attack_workspace\src\simulation\cognitiveradio\x64\debug\packetforward.obj
d:\pue_attack_workspace\src\simulation\cognitiveradio\x64\debug\ofdma.obj
d:\pue_attack_workspace\src\simulation\cognitiveradio\x64\debug\incumbent.obj
d:\pue_attack_workspace\src\simulation\cognitiveradio\x64\debug\fragmentation.obj
d:\pue_attack_workspace\src\simulation\cognitiveradio\x64\debug\fch.obj
d:\pue_attack_workspace\src\simulation\cognitiveradio\x64\debug\dsx.obj
d:\pue_attack_workspace\src\simulation\cognitiveradio\x64\debug\dsmap.obj
d:\pue_attack_workspace\src\simulation\cognitiveradio\x64\debug\dsframe.obj
d:\pue_attack_workspace\src\simulation\cognitiveradio\x64\debug\dcd.obj
d:\pue_attack_workspace\src\simulation\cognitiveradio\x64\debug\802_22.obj
d:\pue_attack_workspace\bin\bin_x64\cognitiveradio.lib
d:\pue_attack_workspace\bin\bin_x64\cognitiveradio.exp
d:\pue_attack_workspace\bin\bin_x64\libcognitiveradio.dll
d:\pue_attack_workspace\bin\bin_x64\cognitiveradio.pdb
d:\pue_attack_workspace\src\simulation\cognitiveradio\x64\debug\cognitiveradio.tlog\cl.command.1.tlog
d:\pue_attack_workspace\src\simulation\cognitiveradio\x64\debug\cognitiveradio.tlog\cl.read.1.tlog
d:\pue_attack_workspace\src\simulation\cognitiveradio\x64\debug\cognitiveradio.tlog\cl.write.1.tlog
d:\pue_attack_workspace\src\simulation\cognitiveradio\x64\debug\cognitiveradio.tlog\cognitiveradio.write.1u.tlog
d:\pue_attack_workspace\src\simulation\cognitiveradio\x64\debug\cognitiveradio.tlog\link.command.1.tlog
d:\pue_attack_workspace\src\simulation\cognitiveradio\x64\debug\cognitiveradio.tlog\link.read.1.tlog
d:\pue_attack_workspace\src\simulation\cognitiveradio\x64\debug\cognitiveradio.tlog\link.write.1.tlog
